2025-08-29 14:04:58 INFO root Start primary API version 1.8.21
2025-08-29 14:04:58 INFO root loading script: main
2025-08-29 14:05:00 INFO root successfully loaded script: main
2025-08-29 14:05:32 WARNING root Bezel button info not found for: device 4-0
2025-08-29 14:05:42 ERROR root Failed to run wait callback function: Wait.w
Traceback (most recent call last):
  File "/remotelib_qxi/__init__.py", line 280, in w
    self.receive_message(data,ipaddress)
  File "/remotelib_qxi/__init__.py", line 344, in receive_message
    WrapperBasics.check_create_objects_queue()
  File "/remotelib_qxi/__init__.py", line 268, in check_create_objects_queue
    dev = WrapperBasics.constructors[data['device type']](instance,alias,data)
  File "/remotelib_qxi/device/UIDevice.py", line 66, in __init__
    self.check_where_used()
  File "/remotelib_qxi/device/UIDevice.py", line 84, in check_where_used
    self.where_used_items[type][id] = self.item_constructors[type](self.WrapperBasics,item_alias,data)
  File "/remotelib_qxi/ui/Label.py", line 30, in __init__
    self.enable_creation = self.check_where_used()
  File "/remotelib_qxi/ui/Label.py", line 60, in check_where_used
    if self.host.where_used_present:
AttributeError: 'NoneType' object has no attribute 'where_used_present'
2025-08-29 14:05:43 INFO root Device 4-0 VTLP sync handling began
2025-08-29 14:05:43 INFO root Device 4-0 VTLP sync handling ended
2025-08-29 14:05:55 ERROR root Debug Server restarted:Listening
2025-08-29 14:06:14 INFO root Device 4-0 VTLP sync handling began
2025-08-29 14:06:14 INFO root Device 4-0 VTLP sync handling ended
2025-08-29 14:06:14 INFO root Device 4-0 VTLP sync handling began
2025-08-29 14:06:14 INFO root Device 4-0 VTLP sync handling ended
2025-08-29 14:06:25 ERROR root Debug Server restarted:Listening
2025-08-29 14:06:55 ERROR root Debug Server restarted:Listening
2025-08-29 14:07:14 INFO root Device 4-0 VTLP sync handling began
2025-08-29 14:07:14 INFO root Device 4-0 VTLP sync handling ended
2025-08-29 14:07:14 INFO root Device 4-0 VTLP sync handling began
2025-08-29 14:07:14 INFO root Device 4-0 VTLP sync handling ended
2025-08-29 14:07:25 ERROR root Debug Server restarted:Listening
2025-08-29 14:07:56 ERROR root Debug Server restarted:Listening
2025-08-29 14:08:14 INFO root Device 4-0 VTLP sync handling began
2025-08-29 14:08:14 INFO root Device 4-0 VTLP sync handling ended
2025-08-29 14:08:14 INFO root Device 4-0 VTLP sync handling began
2025-08-29 14:08:14 INFO root Device 4-0 VTLP sync handling ended
2025-08-29 14:08:25 ERROR root Debug Server restarted:Listening
2025-08-29 14:08:56 ERROR root Debug Server restarted:Listening
2025-08-29 14:09:14 INFO root Device 4-0 VTLP sync handling began
2025-08-29 14:09:14 INFO root Device 4-0 VTLP sync handling ended
2025-08-29 14:09:14 INFO root Device 4-0 VTLP sync handling began
2025-08-29 14:09:14 INFO root Device 4-0 VTLP sync handling ended
2025-08-29 14:09:25 ERROR root Debug Server restarted:Listening
2025-08-29 14:09:55 ERROR root Debug Server restarted:Listening
2025-08-29 14:10:14 INFO root Device 4-0 VTLP sync handling began
2025-08-29 14:10:14 INFO root Device 4-0 VTLP sync handling ended
2025-08-29 14:10:14 INFO root Device 4-0 VTLP sync handling began
2025-08-29 14:10:14 INFO root Device 4-0 VTLP sync handling ended
2025-08-29 14:10:25 ERROR root Debug Server restarted:Listening
