2025-09-02 09:17:37 INFO root Start primary API version 1.8.21
2025-09-02 09:17:37 INFO root loading script: main
2025-09-02 09:17:38 INFO root successfully loaded script: main
2025-09-02 09:18:20 INFO root Device 2-0 VTLP sync handling began
2025-09-02 09:18:20 INFO root Device 2-0 VTLP sync handling ended
2025-09-02 09:18:31 INFO root Device 2-0 VTLP sync handling began
2025-09-02 09:18:31 INFO root Device 2-0 VTLP sync handling ended
2025-09-02 09:18:35 INFO root Device 2-0 VTLP sync handling began
2025-09-02 09:18:35 INFO root Device 2-0 VTLP sync handling ended
2025-09-02 09:18:41 ERROR root Debug Server restarted:Listening
2025-09-02 09:18:46 INFO root Device 2-0 VTLP sync handling began
2025-09-02 09:18:46 INFO root Device 2-0 VTLP sync handling ended
2025-09-02 09:18:50 INFO root Device 2-0 VTLP sync handling began
2025-09-02 09:18:50 INFO root Device 2-0 VTLP sync handling ended
2025-09-02 09:19:01 INFO root Device 2-0 VTLP sync handling began
2025-09-02 09:19:01 INFO root Device 2-0 VTLP sync handling ended
2025-09-02 09:19:05 INFO root Device 2-0 VTLP sync handling began
2025-09-02 09:19:05 INFO root Device 2-0 VTLP sync handling ended
2025-09-02 09:19:11 ERROR root Debug Server restarted:Listening
2025-09-02 09:19:16 INFO root Device 2-0 VTLP sync handling began
2025-09-02 09:19:16 INFO root Device 2-0 VTLP sync handling ended
2025-09-02 09:19:20 INFO root Device 2-0 VTLP sync handling began
2025-09-02 09:19:20 INFO root Device 2-0 VTLP sync handling ended
2025-09-02 09:19:31 INFO root Device 2-0 VTLP sync handling began
2025-09-02 09:19:31 INFO root Device 2-0 VTLP sync handling ended
2025-09-02 09:19:35 INFO root Device 2-0 VTLP sync handling began
2025-09-02 09:19:35 INFO root Device 2-0 VTLP sync handling ended
2025-09-02 09:19:41 ERROR root Debug Server restarted:Listening
2025-09-02 09:19:46 INFO root Device 2-0 VTLP sync handling began
2025-09-02 09:19:46 INFO root Device 2-0 VTLP sync handling ended
2025-09-02 09:19:50 INFO root Device 2-0 VTLP sync handling began
2025-09-02 09:19:50 INFO root Device 2-0 VTLP sync handling ended
2025-09-02 09:20:01 INFO root Device 2-0 VTLP sync handling began
2025-09-02 09:20:01 INFO root Device 2-0 VTLP sync handling ended
2025-09-02 09:20:05 INFO root Device 2-0 VTLP sync handling began
2025-09-02 09:20:05 INFO root Device 2-0 VTLP sync handling ended
2025-09-02 09:20:11 ERROR root Debug Server restarted:Listening
2025-09-02 09:20:16 INFO root Device 2-0 VTLP sync handling began
2025-09-02 09:20:16 INFO root Device 2-0 VTLP sync handling ended
2025-09-02 09:20:20 INFO root Device 2-0 VTLP sync handling began
2025-09-02 09:20:20 INFO root Device 2-0 VTLP sync handling ended
2025-09-02 09:20:31 INFO root Device 2-0 VTLP sync handling began
2025-09-02 09:20:31 INFO root Device 2-0 VTLP sync handling ended
2025-09-02 09:20:35 INFO root Device 2-0 VTLP sync handling began
2025-09-02 09:20:35 INFO root Device 2-0 VTLP sync handling ended
2025-09-02 09:20:41 ERROR root Debug Server restarted:Listening
2025-09-02 09:20:46 INFO root Device 2-0 VTLP sync handling began
2025-09-02 09:20:46 INFO root Device 2-0 VTLP sync handling ended
2025-09-02 09:20:50 INFO root Device 2-0 VTLP sync handling began
2025-09-02 09:20:50 INFO root Device 2-0 VTLP sync handling ended
2025-09-02 09:21:01 INFO root Device 2-0 VTLP sync handling began
2025-09-02 09:21:01 INFO root Device 2-0 VTLP sync handling ended
2025-09-02 09:21:05 INFO root Device 2-0 VTLP sync handling began
2025-09-02 09:21:05 INFO root Device 2-0 VTLP sync handling ended
2025-09-02 09:21:11 ERROR root Debug Server restarted:Listening
