2025-09-02 08:54:12 INFO root Start primary API version 1.8.21
2025-09-02 08:54:12 INFO root loading script: main
2025-09-02 08:54:13 INFO root successfully loaded script: main
2025-09-02 08:54:47 INFO root  No Layout file 
2025-09-02 08:54:47 INFO root  No Layout file 
2025-09-02 08:54:47 INFO root  No Layout file 
2025-09-02 08:54:47 INFO root  No Layout file 
2025-09-02 08:54:47 INFO root  No Layout file 
2025-09-02 08:54:47 INFO root  No Layout file 
2025-09-02 08:54:47 INFO root  No Layout file 
2025-09-02 08:54:47 INFO root  No Layout file 
2025-09-02 08:54:47 INFO root  No Layout file 
2025-09-02 08:54:47 INFO root  No Layout file 
2025-09-02 08:54:47 ERROR root No Label Found in Layout
2025-09-02 08:54:47 ERROR root No Label Found in Layout
2025-09-02 08:54:47 INFO root  No Layout file 
2025-09-02 08:54:47 INFO root  No Layout file 
2025-09-02 08:54:47 INFO root  No Layout file 
2025-09-02 08:54:47 INFO root  No Layout file 
2025-09-02 08:54:47 INFO root  No Layout file 
2025-09-02 08:54:47 INFO root  No Layout file 
2025-09-02 08:54:47 INFO root  No Layout file 
2025-09-02 08:54:47 INFO root  No Layout file 
2025-09-02 08:54:47 INFO root  No Layout file 
2025-09-02 08:54:47 INFO root  No Layout file 
2025-09-02 08:54:47 INFO root  No Layout file 
2025-09-02 08:54:47 INFO root  No Layout file 
2025-09-02 08:54:47 INFO root  No Layout file 
2025-09-02 08:54:47 INFO root  No Layout file 
2025-09-02 08:54:47 INFO root  No Layout file 
2025-09-02 08:54:47 INFO root  No Layout file 
2025-09-02 08:55:17 ERROR root Debug Server restarted:Listening
2025-09-02 08:55:47 ERROR root Debug Server restarted:Listening
