2025-08-29 15:23:24 INFO root Start primary API version 1.8.21
2025-08-29 15:23:24 INFO root loading script: main
2025-08-29 15:23:26 INFO root successfully loaded script: main
2025-08-29 15:23:30 ERROR root No Label Found in Layout
2025-08-29 15:23:30 ERROR root Debug Server restarted:Listening
2025-08-29 15:23:31 ERROR root No Label Found in Layout
2025-08-29 15:23:31 ERROR root No Label Found in Layout
2025-08-29 15:23:31 ERROR root No Label Found in Layout
2025-08-29 15:23:31 ERROR root No Label Found in Layout
2025-08-29 15:23:31 ERROR root No Label Found in Layout
2025-08-29 15:23:31 ERROR root No Label Found in Layout
2025-08-29 15:23:31 ERROR root No Label Found in Layout
2025-08-29 15:23:31 ERROR root No Label Found in Layout
2025-08-29 15:23:31 ERROR root No Label Found in Layout
2025-08-29 15:23:31 ERROR root No Label Found in Layout
2025-08-29 15:23:32 ERROR root No Label Found in Layout
2025-08-29 15:23:32 ERROR root No Label Found in Layout
2025-08-29 15:23:32 ERROR root No Label Found in Layout
2025-08-29 15:23:32 ERROR root No Label Found in Layout
2025-08-29 15:23:32 ERROR root No Label Found in Layout
2025-08-29 15:23:32 ERROR root No Label Found in Layout
2025-08-29 15:23:32 ERROR root No Label Found in Layout
2025-08-29 15:23:32 ERROR root No Label Found in Layout
2025-08-29 15:23:32 ERROR root No Label Found in Layout
2025-08-29 15:23:33 ERROR root No Label Found in Layout
2025-08-29 15:23:33 ERROR root No Label Found in Layout
2025-08-29 15:23:33 ERROR root No Label Found in Layout
2025-08-29 15:23:33 ERROR root No Label Found in Layout
2025-08-29 15:23:33 ERROR root No Label Found in Layout
2025-08-29 15:23:33 ERROR root No Label Found in Layout
2025-08-29 15:23:33 ERROR root No Label Found in Layout
2025-08-29 15:23:33 ERROR root No Label Found in Layout
