2025-09-02 09:26:22 INFO root Start primary API version 1.8.21
2025-09-02 09:26:22 INFO root loading script: main
2025-09-02 09:26:24 INFO root successfully loaded script: main
2025-09-02 09:27:01 INFO root Device 2-0 VTLP sync handling began
2025-09-02 09:27:01 INFO root Device 2-0 VTLP sync handling ended
2025-09-02 09:27:05 INFO root Device 2-0 VTLP sync handling began
2025-09-02 09:27:05 INFO root Device 2-0 VTLP sync handling ended
2025-09-02 09:27:13 ERROR root Debug Server restarted:Listening
2025-09-02 09:27:16 INFO root Device 2-0 VTLP sync handling began
2025-09-02 09:27:16 INFO root Device 2-0 VTLP sync handling ended
2025-09-02 09:27:20 INFO root Device 2-0 VTLP sync handling began
2025-09-02 09:27:20 INFO root Device 2-0 VTLP sync handling ended
2025-09-02 09:27:31 INFO root Device 2-0 VTLP sync handling began
2025-09-02 09:27:31 INFO root Device 2-0 VTLP sync handling ended
2025-09-02 09:27:35 INFO root Device 2-0 VTLP sync handling began
2025-09-02 09:27:35 INFO root Device 2-0 VTLP sync handling ended
2025-09-02 09:27:43 ERROR root Debug Server restarted:Listening
2025-09-02 09:27:46 INFO root Device 2-0 VTLP sync handling began
2025-09-02 09:27:46 INFO root Device 2-0 VTLP sync handling ended
2025-09-02 09:27:50 INFO root Device 2-0 VTLP sync handling began
2025-09-02 09:27:50 INFO root Device 2-0 VTLP sync handling ended
2025-09-02 09:28:01 INFO root Device 2-0 VTLP sync handling began
2025-09-02 09:28:01 INFO root Device 2-0 VTLP sync handling ended
2025-09-02 09:28:05 INFO root Device 2-0 VTLP sync handling began
2025-09-02 09:28:05 INFO root Device 2-0 VTLP sync handling ended
2025-09-02 09:28:13 ERROR root Debug Server restarted:Listening
2025-09-02 09:28:16 INFO root Device 2-0 VTLP sync handling began
2025-09-02 09:28:16 INFO root Device 2-0 VTLP sync handling ended
2025-09-02 09:28:20 INFO root Device 2-0 VTLP sync handling began
2025-09-02 09:28:20 INFO root Device 2-0 VTLP sync handling ended
2025-09-02 09:28:31 INFO root Device 2-0 VTLP sync handling began
2025-09-02 09:28:31 INFO root Device 2-0 VTLP sync handling ended
2025-09-02 09:28:35 INFO root Device 2-0 VTLP sync handling began
2025-09-02 09:28:35 INFO root Device 2-0 VTLP sync handling ended
2025-09-02 09:28:43 ERROR root Debug Server restarted:Listening
2025-09-02 09:28:46 INFO root Device 2-0 VTLP sync handling began
2025-09-02 09:28:46 INFO root Device 2-0 VTLP sync handling ended
2025-09-02 09:28:50 INFO root Device 2-0 VTLP sync handling began
2025-09-02 09:28:50 INFO root Device 2-0 VTLP sync handling ended
2025-09-02 09:29:01 INFO root Device 2-0 VTLP sync handling began
2025-09-02 09:29:01 INFO root Device 2-0 VTLP sync handling ended
2025-09-02 09:29:05 INFO root Device 2-0 VTLP sync handling began
2025-09-02 09:29:05 INFO root Device 2-0 VTLP sync handling ended
2025-09-02 09:29:13 ERROR root Debug Server restarted:Listening
2025-09-02 09:29:16 INFO root Device 2-0 VTLP sync handling began
2025-09-02 09:29:16 INFO root Device 2-0 VTLP sync handling ended
2025-09-02 09:29:20 INFO root Device 2-0 VTLP sync handling began
2025-09-02 09:29:20 INFO root Device 2-0 VTLP sync handling ended
2025-09-02 09:29:31 INFO root Device 2-0 VTLP sync handling began
2025-09-02 09:29:31 INFO root Device 2-0 VTLP sync handling ended
2025-09-02 09:29:35 INFO root Device 2-0 VTLP sync handling began
2025-09-02 09:29:35 INFO root Device 2-0 VTLP sync handling ended
2025-09-02 09:29:43 ERROR root Debug Server restarted:Listening
2025-09-02 09:29:46 INFO root Device 2-0 VTLP sync handling began
2025-09-02 09:29:46 INFO root Device 2-0 VTLP sync handling ended
2025-09-02 09:29:50 INFO root Device 2-0 VTLP sync handling began
2025-09-02 09:29:50 INFO root Device 2-0 VTLP sync handling ended
2025-09-02 09:30:01 INFO root Device 2-0 VTLP sync handling began
2025-09-02 09:30:01 INFO root Device 2-0 VTLP sync handling ended
2025-09-02 09:30:05 INFO root Device 2-0 VTLP sync handling began
2025-09-02 09:30:05 INFO root Device 2-0 VTLP sync handling ended
2025-09-02 09:30:13 ERROR root Debug Server restarted:Listening
2025-09-02 09:30:16 INFO root Device 2-0 VTLP sync handling began
2025-09-02 09:30:16 INFO root Device 2-0 VTLP sync handling ended
2025-09-02 09:30:20 INFO root Device 2-0 VTLP sync handling began
2025-09-02 09:30:20 INFO root Device 2-0 VTLP sync handling ended
2025-09-02 09:30:31 INFO root Device 2-0 VTLP sync handling began
2025-09-02 09:30:31 INFO root Device 2-0 VTLP sync handling ended
2025-09-02 09:30:35 INFO root Device 2-0 VTLP sync handling began
2025-09-02 09:30:35 INFO root Device 2-0 VTLP sync handling ended
2025-09-02 09:30:43 ERROR root Debug Server restarted:Listening
