2000-01-02 20:12:11 INFO root Start primary API version 1.8.21
2000-01-02 20:12:11 INFO root loading script: main
2000-01-02 20:12:12 INFO root successfully loaded script: main
2000-01-02 20:12:21 WARNING root TLP layout name is /gve/web/vtlp/Bonus-Room-Tablet/resources/uiinterface/layout.json - error<class 'subprocess.CalledProcessError'>
2000-01-02 20:12:24 WARNING root layout not found for: BonusRoom0
2000-01-02 20:12:31 ERROR root Invalid Parameter in Button: Invalid ID=1
2000-01-02 20:12:31 ERROR root Invalid Parameter in Button: Invalid ID=2
2000-01-02 20:12:31 ERROR root Invalid Parameter in Button: Invalid ID=3
2000-01-02 20:12:31 ERROR root Invalid Parameter in Button: Invalid ID=4
2000-01-02 20:12:31 ERROR root Invalid Parameter in Button: Invalid ID=5
2000-01-02 20:12:31 ERROR root Invalid Parameter in Button: Invalid ID=51
2000-01-02 20:12:31 ERROR root Invalid Parameter in Button: Invalid ID=52
2000-01-02 20:12:31 ERROR root Invalid Parameter in Button: Invalid ID=53
2000-01-02 20:12:31 ERROR root Invalid Parameter in Button: Invalid ID=54
2000-01-02 20:12:31 ERROR root Invalid Parameter in Button: Invalid ID=55
2000-01-02 20:12:31 ERROR root Invalid Parameter in Button: Invalid ID=56
2000-01-02 20:12:31 ERROR root Invalid Parameter in Button: Invalid ID=57
2000-01-02 20:12:31 ERROR root Invalid Parameter in Label: Invalid ID=100
2000-01-02 20:12:31 ERROR root Invalid Parameter in Button: Invalid ID=101
2000-01-02 20:12:37 WARNING root TLP layout name is /gve/web/vtlp/Bonus-Room-Phone/resources/uiinterface/layout.json - error<class 'subprocess.CalledProcessError'>
2000-01-02 20:12:40 WARNING root layout not found for: BonusRoom1
2000-01-02 20:12:44 ERROR root Debug Server restarted:Listening
2000-01-02 20:12:46 ERROR root Invalid Parameter in Button: Invalid ID=1
2000-01-02 20:12:46 ERROR root Invalid Parameter in Button: Invalid ID=2
2000-01-02 20:12:46 ERROR root Invalid Parameter in Button: Invalid ID=3
2000-01-02 20:12:46 ERROR root Invalid Parameter in Button: Invalid ID=4
2000-01-02 20:12:46 ERROR root Invalid Parameter in Button: Invalid ID=5
2000-01-02 20:12:46 ERROR root Invalid Parameter in Button: Invalid ID=51
2000-01-02 20:12:46 ERROR root Invalid Parameter in Button: Invalid ID=52
2000-01-02 20:12:46 ERROR root Invalid Parameter in Button: Invalid ID=53
2000-01-02 20:12:46 ERROR root Invalid Parameter in Button: Invalid ID=54
2000-01-02 20:12:46 ERROR root Invalid Parameter in Button: Invalid ID=55
2000-01-02 20:12:46 ERROR root Invalid Parameter in Button: Invalid ID=56
2000-01-02 20:12:46 ERROR root Invalid Parameter in Button: Invalid ID=57
2000-01-02 20:12:46 ERROR root Invalid Parameter in Label: Invalid ID=100
2000-01-02 20:12:46 ERROR root Invalid Parameter in Button: Invalid ID=101
2000-01-02 20:12:46 ERROR root Invalid Parameter in Button: Invalid ID=101
2000-01-02 20:12:46 ERROR root Invalid Parameter in Button: Invalid ID=101
2000-01-02 20:12:46 ERROR root Invalid Parameter in Button: Invalid ID=51
2000-01-02 20:12:46 ERROR root Invalid Parameter in Button: Invalid ID=52
2000-01-02 20:12:46 ERROR root Invalid Parameter in Button: Invalid ID=53
2000-01-02 20:12:46 ERROR root Invalid Parameter in Button: Invalid ID=54
2000-01-02 20:12:46 ERROR root Invalid Parameter in Button: Invalid ID=55
2000-01-02 20:12:46 ERROR root Invalid Parameter in Button: Invalid ID=56
2000-01-02 20:12:46 ERROR root Invalid Parameter in Button: Invalid ID=57
2000-01-02 20:12:46 ERROR root Invalid Parameter in Button: Invalid ID=51
2000-01-02 20:12:46 ERROR root Invalid Parameter in Button: Invalid ID=52
2000-01-02 20:12:46 ERROR root Invalid Parameter in Button: Invalid ID=53
2000-01-02 20:12:46 ERROR root Invalid Parameter in Button: Invalid ID=54
2000-01-02 20:12:46 ERROR root Invalid Parameter in Button: Invalid ID=55
2000-01-02 20:12:46 ERROR root Invalid Parameter in Button: Invalid ID=56
2000-01-02 20:12:46 ERROR root Invalid Parameter in Button: Invalid ID=57
2000-01-02 20:13:14 ERROR root Debug Server restarted:Listening
2000-01-02 20:13:44 ERROR root Debug Server restarted:Listening
2000-01-02 20:14:14 ERROR root Debug Server restarted:Listening
2000-01-02 20:14:44 ERROR root Debug Server restarted:Listening
2000-01-02 20:15:14 ERROR root Debug Server restarted:Listening
2000-01-02 20:15:44 ERROR root Debug Server restarted:Listening
2000-01-02 20:16:14 ERROR root Debug Server restarted:Listening
2000-01-02 20:16:44 ERROR root Debug Server restarted:Listening
2000-01-02 20:17:14 ERROR root Debug Server restarted:Listening
2000-01-02 20:17:44 ERROR root Debug Server restarted:Listening
2000-01-02 20:18:11 ERROR root Invalid Parameter BonusRoom0 HidePopup: popup=Control Server is Offline
2000-01-02 20:18:11 ERROR root Invalid Parameter BonusRoom1 HidePopup: popup=Control Server is Offline
2000-01-02 20:18:14 ERROR root Debug Server restarted:Listening
2000-01-02 20:18:18 ERROR root Receive failed, from client
2000-01-02 20:18:18 ERROR root Invalid Parameter BonusRoom0 ShowPopup: popup=Control Server is Offline
2000-01-02 20:18:18 ERROR root Invalid Parameter BonusRoom1 ShowPopup: popup=Control Server is Offline
2000-01-02 20:18:18 ERROR root Invalid Parameter BonusRoom0 ShowPopup: popup=Control Server is Offline
2000-01-02 20:18:18 ERROR root Invalid Parameter BonusRoom1 ShowPopup: popup=Control Server is Offline
2000-01-02 20:18:21 ERROR root Invalid Parameter BonusRoom0 HidePopup: popup=Control Server is Offline
2000-01-02 20:18:21 ERROR root Invalid Parameter BonusRoom1 HidePopup: popup=Control Server is Offline
2000-01-02 20:18:44 ERROR root Debug Server restarted:Listening
2000-01-02 20:18:49 ERROR root Receive failed, from client
2000-01-02 20:18:49 ERROR root Invalid Parameter BonusRoom0 ShowPopup: popup=Control Server is Offline
2000-01-02 20:18:49 ERROR root Invalid Parameter BonusRoom1 ShowPopup: popup=Control Server is Offline
2000-01-02 20:18:49 ERROR root Invalid Parameter BonusRoom0 ShowPopup: popup=Control Server is Offline
2000-01-02 20:18:49 ERROR root Invalid Parameter BonusRoom1 ShowPopup: popup=Control Server is Offline
2000-01-02 20:18:51 ERROR root Receive failed, from client
2000-01-02 20:18:51 ERROR root Invalid Parameter BonusRoom0 ShowPopup: popup=Control Server is Offline
2000-01-02 20:18:51 ERROR root Invalid Parameter BonusRoom1 ShowPopup: popup=Control Server is Offline
2000-01-02 20:18:51 ERROR root Invalid Parameter BonusRoom0 ShowPopup: popup=Control Server is Offline
2000-01-02 20:18:51 ERROR root Invalid Parameter BonusRoom1 ShowPopup: popup=Control Server is Offline
2000-01-02 20:18:58 ERROR root Invalid Parameter BonusRoom0 HidePopup: popup=Control Server is Offline
2000-01-02 20:18:58 ERROR root Invalid Parameter BonusRoom1 HidePopup: popup=Control Server is Offline
2000-01-02 20:18:58 ERROR root Invalid Parameter BonusRoom0 ShowPage: page=Start Page
2000-01-02 20:18:58 ERROR root Invalid Parameter BonusRoom1 ShowPage: page=Start Page
2000-01-02 20:19:13 ERROR root Invalid Parameter BonusRoom0 ShowPage: page=Start Page
2000-01-02 20:19:13 ERROR root Invalid Parameter BonusRoom1 ShowPage: page=Start Page
2000-01-02 20:19:28 ERROR root Debug Server restarted:Listening
2000-01-02 20:19:58 ERROR root Debug Server restarted:Listening
