2025-08-29 15:31:31 INFO root Start primary API version 1.8.21
2025-08-29 15:31:31 INFO root loading script: main
2025-08-29 15:31:32 INFO root successfully loaded script: main
2025-08-29 15:31:36 INFO root  No Layout file 
2025-08-29 15:31:37 INFO root  No Layout file 
2025-08-29 15:31:37 INFO root  No Layout file 
2025-08-29 15:31:37 INFO root  No Layout file 
2025-08-29 15:31:37 INFO root  No Layout file 
2025-08-29 15:31:37 INFO root  No Layout file 
2025-08-29 15:31:37 INFO root  No Layout file 
2025-08-29 15:31:37 INFO root  No Layout file 
2025-08-29 15:31:37 INFO root  No Layout file 
2025-08-29 15:31:37 INFO root  No Layout file 
2025-08-29 15:31:38 ERROR root No Label Found in Layout
2025-08-29 15:31:38 ERROR root No Label Found in Layout
2025-08-29 15:31:38 INFO root  No Layout file 
2025-08-29 15:31:38 INFO root  No Layout file 
2025-08-29 15:31:38 INFO root  No Layout file 
2025-08-29 15:31:38 INFO root  No Layout file 
2025-08-29 15:31:38 INFO root  No Layout file 
2025-08-29 15:31:38 INFO root  No Layout file 
2025-08-29 15:31:38 INFO root  No Layout file 
2025-08-29 15:31:39 INFO root  No Layout file 
2025-08-29 15:31:39 INFO root  No Layout file 
2025-08-29 15:31:39 INFO root  No Layout file 
2025-08-29 15:31:39 INFO root  No Layout file 
2025-08-29 15:31:39 INFO root  No Layout file 
2025-08-29 15:31:39 INFO root  No Layout file 
2025-08-29 15:31:39 INFO root  No Layout file 
2025-08-29 15:31:39 INFO root  No Layout file 
2025-08-29 15:31:39 INFO root  No Layout file 
2025-08-29 15:31:40 WARNING root Alias not associated with a type:panel0
2025-08-29 15:31:40 WARNING root Alias not associated with a type:panel1
2025-08-29 15:31:48 ERROR root Debug Server restarted:Listening
