2025-09-02 09:14:24 INFO root Start primary API version 1.8.21
2025-09-02 09:14:24 INFO root loading script: main
2025-09-02 09:14:25 INFO root successfully loaded script: main
2025-09-02 09:15:50 INFO root Device 2-0 VTLP sync handling began
2025-09-02 09:15:50 INFO root Device 2-0 VTLP sync handling ended
2025-09-02 09:15:50 ERROR root Control ID 0 not defined
2025-09-02 09:16:01 INFO root Device 2-0 VTLP sync handling began
2025-09-02 09:16:01 INFO root Device 2-0 VTLP sync handling ended
2025-09-02 09:16:05 INFO root Device 2-0 VTLP sync handling began
2025-09-02 09:16:05 INFO root Device 2-0 VTLP sync handling ended
2025-09-02 09:16:10 ERROR root Debug Server restarted:Listening
2025-09-02 09:16:16 INFO root Device 2-0 VTLP sync handling began
2025-09-02 09:16:16 INFO root Device 2-0 VTLP sync handling ended
2025-09-02 09:16:20 INFO root Device 2-0 VTLP sync handling began
2025-09-02 09:16:20 INFO root Device 2-0 VTLP sync handling ended
2025-09-02 09:16:31 INFO root Device 2-0 VTLP sync handling began
2025-09-02 09:16:31 INFO root Device 2-0 VTLP sync handling ended
2025-09-02 09:16:35 INFO root Device 2-0 VTLP sync handling began
2025-09-02 09:16:35 INFO root Device 2-0 VTLP sync handling ended
2025-09-02 09:16:40 ERROR root Debug Server restarted:Listening
