2025-08-29 08:55:01 INFO root Start primary API version 1.8.21
2025-08-29 08:55:01 INFO root loading script: main
2025-08-29 08:55:02 INFO root successfully loaded script: main
2025-08-29 08:57:48 WARNING root Bezel button info not found for: device 4-0
2025-08-29 08:58:04 WARNING root Bezel button info not found for: device 5-0
2025-08-29 08:58:11 ERROR root Debug Server restarted:Listening
2025-08-29 08:58:41 ERROR root Debug Server restarted:Listening
2025-08-29 08:59:11 ERROR root Debug Server restarted:Listening
2025-08-29 08:59:11 ERROR root SerialInterface SPD0:COM1 Unavailable Port: COM1
2025-08-29 08:59:11 ERROR root SerialInterface SPD0:COM1Device 3-0 (None)  Unavailable Port: COM1 , connections status Offline
2025-08-29 08:59:21 ERROR root Device 2-0 (None)  SPInterface Operable Unavailable port :AVI1 , connections status: Offline
2025-08-29 08:59:21 ERROR root Device 1-0 (IPCP-Pro-255Q-xi-24-84-7D)  Unavailable Port: IRS2 , connections status Online
2025-08-29 08:59:21 ERROR root Invalid Parameter in Label: Invalid ID=4
2025-08-29 08:59:21 ERROR root Invalid Parameter in Label: Invalid ID=5
2025-08-29 08:59:21 ERROR root Invalid Parameter in Label: Invalid ID=96
2025-08-29 08:59:22 ERROR root Invalid Parameter in Label: Invalid ID=95
2025-08-29 08:59:22 ERROR root Invalid Parameter in Label: Invalid ID=103
2025-08-29 08:59:22 ERROR root Invalid Parameter in Label: Invalid ID=297
2025-08-29 08:59:22 ERROR root Invalid Parameter in Label: Invalid ID=1255
2025-08-29 08:59:23 ERROR root Invalid Parameter in Label: Invalid ID=1256
2025-08-29 08:59:23 ERROR root Invalid Parameter in Label: Invalid ID=1257
2025-08-29 08:59:23 ERROR root Invalid Parameter in Label: Invalid ID=1258
2025-08-29 08:59:23 ERROR root Invalid Parameter in Label: Invalid ID=1259
2025-08-29 08:59:23 ERROR root Invalid Parameter in Label: Invalid ID=1260
2025-08-29 08:59:23 ERROR root Invalid Parameter in Label: Invalid ID=1281
2025-08-29 08:59:23 ERROR root Invalid Parameter in Label: Invalid ID=1282
2025-08-29 08:59:23 ERROR root Invalid Parameter in Label: Invalid ID=1283
2025-08-29 08:59:23 ERROR root Invalid Parameter in Label: Invalid ID=1284
2025-08-29 08:59:24 ERROR root Invalid Parameter in Label: Invalid ID=1285
2025-08-29 08:59:24 ERROR root Invalid Parameter in Label: Invalid ID=1286
2025-08-29 08:59:24 ERROR root Invalid Parameter in Label: Invalid ID=1287
2025-08-29 08:59:24 ERROR root Invalid Parameter in Label: Invalid ID=1288
2025-08-29 08:59:24 ERROR root Invalid Parameter in Label: Invalid ID=1289
2025-08-29 08:59:24 ERROR root Invalid Parameter in Label: Invalid ID=1290
2025-08-29 08:59:24 ERROR root Invalid Parameter in Label: Invalid ID=2301
2025-08-29 08:59:24 ERROR root Invalid Parameter in Label: Invalid ID=2302
2025-08-29 08:59:24 ERROR root Invalid Parameter in Label: Invalid ID=2303
2025-08-29 08:59:25 ERROR root Invalid Parameter in Label: Invalid ID=2304
2025-08-29 08:59:25 ERROR root Invalid Parameter in Label: Invalid ID=2305
2025-08-29 08:59:25 ERROR root Invalid Parameter in Label: Invalid ID=2306
2025-08-29 08:59:25 ERROR root Invalid Parameter in Label: Invalid ID=2307
2025-08-29 08:59:25 ERROR root Invalid Parameter in Label: Invalid ID=2308
2025-08-29 08:59:25 ERROR root Invalid Parameter in Label: Invalid ID=2309
2025-08-29 08:59:25 ERROR root Invalid Parameter in Label: Invalid ID=2310
2025-08-29 08:59:25 ERROR root Invalid Parameter in Label: Invalid ID=2311
2025-08-29 08:59:25 ERROR root Invalid Parameter in Label: Invalid ID=2312
2025-08-29 08:59:25 ERROR root Invalid Parameter in Label: Invalid ID=2313
2025-08-29 08:59:26 ERROR root Invalid Parameter in Label: Invalid ID=2314
2025-08-29 08:59:26 ERROR root Invalid Parameter in Label: Invalid ID=2315
2025-08-29 08:59:26 ERROR root Invalid Parameter in Label: Invalid ID=2316
2025-08-29 08:59:26 ERROR root Invalid Parameter in Label: Invalid ID=2317
2025-08-29 08:59:26 ERROR root Invalid Parameter in Label: Invalid ID=2318
2025-08-29 08:59:26 ERROR root Invalid Parameter in Label: Invalid ID=2319
2025-08-29 08:59:26 ERROR root Invalid Parameter in Label: Invalid ID=8603
2025-08-29 08:59:27 ERROR root Invalid Parameter in Label: Invalid ID=8604
2025-08-29 08:59:27 ERROR root Invalid Parameter in Label: Invalid ID=8605
2025-08-29 08:59:27 ERROR root Invalid Parameter in Label: Invalid ID=8606
2025-08-29 08:59:28 ERROR root Invalid Parameter in Label: Invalid ID=200
2025-08-29 08:59:28 ERROR root Invalid Parameter in Label: Invalid ID=238
2025-08-29 08:59:29 ERROR root Invalid Parameter in Label: Invalid ID=239
2025-08-29 08:59:29 ERROR root Invalid Parameter in Label: Invalid ID=362
2025-08-29 08:59:29 ERROR root Invalid Parameter in Label: Invalid ID=370
2025-08-29 08:59:29 ERROR root Invalid Parameter in Label: Invalid ID=371
2025-08-29 08:59:29 ERROR root Invalid Parameter in Label: Invalid ID=373
2025-08-29 08:59:29 ERROR root Invalid Parameter in Label: Invalid ID=381
2025-08-29 08:59:30 ERROR root Invalid Parameter in Label: Invalid ID=382
2025-08-29 08:59:30 ERROR root Invalid Parameter in Label: Invalid ID=384
2025-08-29 08:59:30 ERROR root Invalid Parameter in Label: Invalid ID=387
2025-08-29 08:59:30 ERROR root Invalid Parameter in Label: Invalid ID=388
2025-08-29 08:59:31 ERROR root Invalid Parameter in Label: Invalid ID=393
2025-08-29 08:59:31 ERROR root Invalid Parameter in Label: Invalid ID=394
2025-08-29 08:59:34 ERROR root Invalid Parameter in Label: Invalid ID=41445
2025-08-29 08:59:34 ERROR root Invalid Parameter in Label: Invalid ID=41446
2025-08-29 08:59:34 ERROR root Invalid Parameter in Label: Invalid ID=41447
2025-08-29 08:59:35 ERROR root Invalid Parameter in Label: Invalid ID=41448
2025-08-29 08:59:35 ERROR root Invalid Parameter in Label: Invalid ID=41449
2025-08-29 08:59:35 ERROR root Invalid Parameter in Label: Invalid ID=41450
2025-08-29 08:59:35 ERROR root Invalid Parameter in Label: Invalid ID=451
2025-08-29 08:59:35 ERROR root Invalid Parameter in Label: Invalid ID=452
2025-08-29 08:59:35 ERROR root Invalid Parameter in Label: Invalid ID=453
2025-08-29 08:59:35 ERROR root Invalid Parameter in Label: Invalid ID=454
2025-08-29 08:59:35 ERROR root Invalid Parameter in Label: Invalid ID=455
2025-08-29 08:59:35 ERROR root Invalid Parameter in Label: Invalid ID=456
2025-08-29 08:59:36 ERROR root Invalid Parameter in Label: Invalid ID=457
2025-08-29 08:59:36 ERROR root Invalid Parameter in Label: Invalid ID=458
2025-08-29 08:59:36 ERROR root Invalid Parameter in Label: Invalid ID=459
2025-08-29 08:59:36 ERROR root Invalid Parameter in Label: Invalid ID=460
2025-08-29 08:59:36 ERROR root Invalid Parameter in Label: Invalid ID=41451
2025-08-29 08:59:36 ERROR root Invalid Parameter in Label: Invalid ID=41452
2025-08-29 08:59:36 ERROR root Invalid Parameter in Label: Invalid ID=41453
2025-08-29 08:59:36 ERROR root Invalid Parameter in Label: Invalid ID=41454
2025-08-29 08:59:36 ERROR root Invalid Parameter in Label: Invalid ID=41455
2025-08-29 08:59:37 ERROR root Invalid Parameter in Label: Invalid ID=41456
2025-08-29 08:59:37 ERROR root Invalid Parameter in Label: Invalid ID=41457
2025-08-29 08:59:37 ERROR root Invalid Parameter in Label: Invalid ID=41458
2025-08-29 08:59:37 ERROR root Invalid Parameter in Label: Invalid ID=41459
2025-08-29 08:59:37 ERROR root Invalid Parameter in Label: Invalid ID=41460
2025-08-29 08:59:38 ERROR root Invalid Parameter in Label: Invalid ID=706
2025-08-29 08:59:38 ERROR root Invalid Parameter in Label: Invalid ID=707
2025-08-29 08:59:38 ERROR root Invalid Parameter in Label: Invalid ID=708
2025-08-29 08:59:38 ERROR root Invalid Parameter in Label: Invalid ID=709
2025-08-29 08:59:38 ERROR root Invalid Parameter in Label: Invalid ID=710
2025-08-29 08:59:39 ERROR root Invalid Parameter in Label: Invalid ID=901
2025-08-29 08:59:39 ERROR root Invalid Parameter in Label: Invalid ID=676
2025-08-29 08:59:41 ERROR root Debug Server restarted:Listening
2025-08-29 08:59:43 ERROR root Invalid Parameter in Label: Invalid ID=4738
2025-08-29 08:59:43 ERROR root Invalid Parameter in Label: Invalid ID=4739
2025-08-29 08:59:43 ERROR root Invalid Parameter in Label: Invalid ID=4740
2025-08-29 08:59:43 ERROR root Invalid Parameter in Label: Invalid ID=4741
2025-08-29 08:59:43 ERROR root Invalid Parameter in Label: Invalid ID=4742
2025-08-29 08:59:43 ERROR root Invalid Parameter in Label: Invalid ID=4743
2025-08-29 08:59:43 ERROR root Invalid Parameter in Label: Invalid ID=4744
2025-08-29 08:59:44 ERROR root Invalid Parameter in Label: Invalid ID=4745
2025-08-29 08:59:44 ERROR root Invalid Parameter in Label: Invalid ID=4746
2025-08-29 08:59:44 ERROR root Invalid Parameter in Label: Invalid ID=4747
2025-08-29 08:59:44 ERROR root Invalid Parameter in Label: Invalid ID=4748
2025-08-29 08:59:44 ERROR root Invalid Parameter in Label: Invalid ID=14741
2025-08-29 08:59:44 ERROR root Invalid Parameter in Label: Invalid ID=14742
2025-08-29 08:59:44 ERROR root Invalid Parameter in Label: Invalid ID=14743
2025-08-29 08:59:44 ERROR root Invalid Parameter in Label: Invalid ID=14744
2025-08-29 08:59:44 ERROR root Invalid Parameter in Label: Invalid ID=14745
2025-08-29 08:59:45 ERROR root Invalid Parameter in Label: Invalid ID=14746
2025-08-29 08:59:45 ERROR root Invalid Parameter in Label: Invalid ID=14747
2025-08-29 08:59:45 ERROR root Invalid Parameter in Label: Invalid ID=14748
2025-08-29 08:59:45 ERROR root Invalid Parameter in Label: Invalid ID=14749
2025-08-29 08:59:45 ERROR root Invalid Parameter in Label: Invalid ID=14750
2025-08-29 08:59:45 ERROR root Invalid Parameter in Label: Invalid ID=14751
2025-08-29 08:59:45 ERROR root Invalid Parameter in Label: Invalid ID=14752
2025-08-29 08:59:45 ERROR root Invalid Parameter in Label: Invalid ID=14753
2025-08-29 08:59:45 ERROR root Invalid Parameter in Label: Invalid ID=14754
2025-08-29 08:59:46 ERROR root Invalid Parameter in Label: Invalid ID=14755
2025-08-29 08:59:46 ERROR root Invalid Parameter in Label: Invalid ID=14756
2025-08-29 08:59:46 ERROR root Invalid Parameter in Label: Invalid ID=14757
2025-08-29 08:59:46 ERROR root Invalid Parameter in Label: Invalid ID=14758
2025-08-29 08:59:46 ERROR root Invalid Parameter in Label: Invalid ID=14759
2025-08-29 08:59:46 ERROR root Invalid Parameter in Label: Invalid ID=14760
2025-08-29 08:59:46 ERROR root Invalid Parameter in Label: Invalid ID=14761
2025-08-29 08:59:46 ERROR root Invalid Parameter in Label: Invalid ID=14762
2025-08-29 08:59:46 ERROR root Invalid Parameter in Label: Invalid ID=14763
2025-08-29 08:59:46 ERROR root Invalid Parameter in Label: Invalid ID=14764
2025-08-29 08:59:47 ERROR root Invalid Parameter in Label: Invalid ID=14765
2025-08-29 08:59:47 ERROR root Invalid Parameter in Label: Invalid ID=14766
2025-08-29 08:59:47 ERROR root Invalid Parameter in Label: Invalid ID=14767
2025-08-29 08:59:47 ERROR root Invalid Parameter in Label: Invalid ID=14768
2025-08-29 08:59:51 ERROR root Invalid Parameter in Label: Invalid ID=4783
2025-08-29 08:59:51 ERROR root Invalid Parameter in Label: Invalid ID=4784
2025-08-29 08:59:51 ERROR root Invalid Parameter in Label: Invalid ID=4785
2025-08-29 08:59:51 ERROR root Invalid Parameter in Label: Invalid ID=4786
2025-08-29 08:59:51 ERROR root Invalid Parameter in Label: Invalid ID=4787
2025-08-29 08:59:51 ERROR root Invalid Parameter in Label: Invalid ID=4788
2025-08-29 08:59:51 ERROR root Invalid Parameter in Label: Invalid ID=4789
2025-08-29 08:59:51 ERROR root Invalid Parameter in Label: Invalid ID=4790
2025-08-29 08:59:53 ERROR root Invalid Parameter in Label: Invalid ID=4818
2025-08-29 08:59:53 ERROR root Invalid Parameter in Label: Invalid ID=4819
2025-08-29 08:59:54 ERROR root Invalid Parameter in Label: Invalid ID=4821
2025-08-29 08:59:54 ERROR root Invalid Parameter in Label: Invalid ID=4822
2025-08-29 08:59:54 ERROR root Invalid Parameter in Label: Invalid ID=4823
2025-08-29 08:59:55 ERROR root Invalid Parameter in Label: Invalid ID=4830
2025-08-29 08:59:55 ERROR root Invalid Parameter in Label: Invalid ID=4831
2025-08-29 08:59:55 ERROR root Invalid Parameter in Label: Invalid ID=4832
2025-08-29 08:59:55 ERROR root Invalid Parameter in Label: Invalid ID=4833
2025-08-29 08:59:55 ERROR root Invalid Parameter in Label: Invalid ID=4834
2025-08-29 08:59:55 ERROR root Invalid Parameter in Label: Invalid ID=4835
2025-08-29 08:59:55 ERROR root Invalid Parameter in Label: Invalid ID=4836
2025-08-29 08:59:55 ERROR root Invalid Parameter in Label: Invalid ID=4837
2025-08-29 08:59:55 ERROR root Invalid Parameter in Label: Invalid ID=4838
2025-08-29 08:59:55 ERROR root Invalid Parameter in Label: Invalid ID=4839
2025-08-29 08:59:56 ERROR root Invalid Parameter in Label: Invalid ID=4840
2025-08-29 08:59:56 ERROR root Invalid Parameter in Label: Invalid ID=4850
2025-08-29 08:59:56 ERROR root Invalid Parameter in Label: Invalid ID=4851
2025-08-29 08:59:56 ERROR root Invalid Parameter in Label: Invalid ID=4852
2025-08-29 08:59:56 ERROR root Invalid Parameter in Label: Invalid ID=4853
2025-08-29 08:59:56 ERROR root Invalid Parameter in Label: Invalid ID=4854
2025-08-29 08:59:56 ERROR root Invalid Parameter in Label: Invalid ID=4855
2025-08-29 08:59:56 ERROR root Invalid Parameter in Label: Invalid ID=4856
2025-08-29 08:59:56 ERROR root Invalid Parameter in Label: Invalid ID=4857
2025-08-29 08:59:57 ERROR root Invalid Parameter in Label: Invalid ID=4858
2025-08-29 08:59:57 ERROR root Invalid Parameter in Label: Invalid ID=4859
2025-08-29 08:59:57 ERROR root Invalid Parameter in Label: Invalid ID=4860
2025-08-29 08:59:57 ERROR root Invalid Parameter in Label: Invalid ID=4861
2025-08-29 08:59:57 ERROR root Invalid Parameter in Label: Invalid ID=4862
2025-08-29 08:59:57 ERROR root Invalid Parameter in Label: Invalid ID=4863
2025-08-29 08:59:57 ERROR root Invalid Parameter in Label: Invalid ID=4864
2025-08-29 08:59:57 ERROR root Invalid Parameter in Label: Invalid ID=4865
2025-08-29 08:59:57 ERROR root Invalid Parameter in Label: Invalid ID=4866
2025-08-29 08:59:58 ERROR root Invalid Parameter in Label: Invalid ID=4867
2025-08-29 08:59:58 ERROR root Invalid Parameter in Label: Invalid ID=4868
2025-08-29 08:59:58 ERROR root Invalid Parameter in Label: Invalid ID=4869
2025-08-29 08:59:58 ERROR root Invalid Parameter in Label: Invalid ID=4870
2025-08-29 08:59:58 ERROR root Invalid Parameter in Label: Invalid ID=4871
2025-08-29 08:59:58 ERROR root Invalid Parameter in Label: Invalid ID=4872
2025-08-29 08:59:58 ERROR root Invalid Parameter in Label: Invalid ID=4873
2025-08-29 08:59:58 ERROR root Invalid Parameter in Label: Invalid ID=4874
2025-08-29 08:59:58 ERROR root Invalid Parameter in Label: Invalid ID=4875
2025-08-29 08:59:59 ERROR root Invalid Parameter in Label: Invalid ID=4876
2025-08-29 08:59:59 ERROR root Invalid Parameter in Label: Invalid ID=4877
2025-08-29 08:59:59 ERROR root Invalid Parameter in Label: Invalid ID=4878
2025-08-29 08:59:59 ERROR root Invalid Parameter in Label: Invalid ID=4879
2025-08-29 08:59:59 ERROR root Invalid Parameter in Label: Invalid ID=4880
2025-08-29 08:59:59 ERROR root Invalid Parameter in Label: Invalid ID=4881
2025-08-29 08:59:59 ERROR root Invalid Parameter in Label: Invalid ID=4882
2025-08-29 08:59:59 ERROR root Invalid Parameter in Label: Invalid ID=4883
2025-08-29 08:59:59 ERROR root Invalid Parameter in Label: Invalid ID=4884
2025-08-29 08:59:59 ERROR root Invalid Parameter in Label: Invalid ID=4885
2025-08-29 09:00:00 ERROR root Invalid Parameter in Label: Invalid ID=4886
2025-08-29 09:00:00 ERROR root Invalid Parameter in Label: Invalid ID=4887
2025-08-29 09:00:00 ERROR root Invalid Parameter in Label: Invalid ID=4888
2025-08-29 09:00:00 ERROR root Invalid Parameter in Label: Invalid ID=4889
2025-08-29 09:00:00 ERROR root Invalid Parameter in Label: Invalid ID=4890
2025-08-29 09:00:00 ERROR root Invalid Parameter in Label: Invalid ID=4700
2025-08-29 09:00:01 ERROR root Invalid Parameter in Label: Invalid ID=4536
2025-08-29 09:00:01 ERROR root Invalid Parameter in Label: Invalid ID=4537
2025-08-29 09:00:01 ERROR root Invalid Parameter in Label: Invalid ID=820
2025-08-29 09:00:02 ERROR root Invalid Parameter in Label: Invalid ID=911
2025-08-29 09:00:02 ERROR root Invalid Parameter in Label: Invalid ID=914
2025-08-29 09:00:02 ERROR root Invalid Parameter in Label: Invalid ID=915
2025-08-29 09:00:02 ERROR root Invalid Parameter in Label: Invalid ID=916
2025-08-29 09:00:03 ERROR root Invalid Parameter in Label: Invalid ID=917
2025-08-29 09:00:03 ERROR root Invalid Parameter in Label: Invalid ID=918
2025-08-29 09:00:03 ERROR root Invalid Parameter in Label: Invalid ID=921
2025-08-29 09:00:03 ERROR root Invalid Parameter in Label: Invalid ID=922
2025-08-29 09:00:03 ERROR root Invalid Parameter in Label: Invalid ID=923
2025-08-29 09:00:03 ERROR root Invalid Parameter in Label: Invalid ID=924
2025-08-29 09:00:03 ERROR root Invalid Parameter in Label: Invalid ID=925
2025-08-29 09:00:03 ERROR root Invalid Parameter in Label: Invalid ID=926
2025-08-29 09:00:03 ERROR root Invalid Parameter in Label: Invalid ID=927
2025-08-29 09:00:04 ERROR root Invalid Parameter in Label: Invalid ID=928
2025-08-29 09:00:04 ERROR root Invalid Parameter in Label: Invalid ID=929
2025-08-29 09:00:04 ERROR root Invalid Parameter in Label: Invalid ID=941
2025-08-29 09:00:08 ERROR root SerialInterface SPD0:COM1Device 3-0 (None) Send:  Port COM1 not open
2025-08-29 09:00:11 ERROR root Debug Server restarted:Listening
2025-08-29 09:00:11 ERROR root Invalid Parameter in Label: Invalid ID=2000
2025-08-29 09:00:11 ERROR root Invalid Parameter in Label: Invalid ID=1410
2025-08-29 09:00:13 ERROR root Invalid Parameter in Label: Invalid ID=4
2025-08-29 09:00:13 ERROR root Invalid Parameter in Label: Invalid ID=5
2025-08-29 09:00:14 ERROR root Invalid Parameter in Label: Invalid ID=96
2025-08-29 09:00:14 ERROR root Invalid Parameter in Label: Invalid ID=95
2025-08-29 09:00:14 ERROR root Invalid Parameter in Label: Invalid ID=103
2025-08-29 09:00:14 ERROR root Invalid Parameter in Label: Invalid ID=297
2025-08-29 09:00:15 ERROR root Invalid Parameter in Label: Invalid ID=1255
2025-08-29 09:00:15 ERROR root Invalid Parameter in Label: Invalid ID=1256
2025-08-29 09:00:15 ERROR root Invalid Parameter in Label: Invalid ID=1257
2025-08-29 09:00:15 ERROR root Invalid Parameter in Label: Invalid ID=1258
2025-08-29 09:00:15 ERROR root Invalid Parameter in Label: Invalid ID=1259
2025-08-29 09:00:15 ERROR root Invalid Parameter in Label: Invalid ID=1260
2025-08-29 09:00:15 ERROR root Invalid Parameter in Label: Invalid ID=1281
2025-08-29 09:00:15 ERROR root Invalid Parameter in Label: Invalid ID=1282
2025-08-29 09:00:15 ERROR root Invalid Parameter in Label: Invalid ID=1283
2025-08-29 09:00:16 ERROR root Invalid Parameter in Label: Invalid ID=1284
2025-08-29 09:00:16 ERROR root Invalid Parameter in Label: Invalid ID=1285
2025-08-29 09:00:16 ERROR root Invalid Parameter in Label: Invalid ID=1286
2025-08-29 09:00:16 ERROR root Invalid Parameter in Label: Invalid ID=1287
2025-08-29 09:00:16 ERROR root Invalid Parameter in Label: Invalid ID=1288
2025-08-29 09:00:16 ERROR root Invalid Parameter in Label: Invalid ID=1289
2025-08-29 09:00:16 ERROR root Invalid Parameter in Label: Invalid ID=1290
2025-08-29 09:00:16 ERROR root Invalid Parameter in Label: Invalid ID=2301
2025-08-29 09:00:16 ERROR root Invalid Parameter in Label: Invalid ID=2302
2025-08-29 09:00:17 ERROR root Invalid Parameter in Label: Invalid ID=2303
2025-08-29 09:00:17 ERROR root Invalid Parameter in Label: Invalid ID=2304
2025-08-29 09:00:17 ERROR root Invalid Parameter in Label: Invalid ID=2305
2025-08-29 09:00:17 ERROR root Invalid Parameter in Label: Invalid ID=2306
2025-08-29 09:00:17 ERROR root Invalid Parameter in Label: Invalid ID=2307
2025-08-29 09:00:17 ERROR root Invalid Parameter in Label: Invalid ID=2308
2025-08-29 09:00:17 ERROR root Invalid Parameter in Label: Invalid ID=2309
2025-08-29 09:00:17 ERROR root Invalid Parameter in Label: Invalid ID=2310
2025-08-29 09:00:17 ERROR root Invalid Parameter in Label: Invalid ID=2311
2025-08-29 09:00:17 ERROR root Invalid Parameter in Label: Invalid ID=2312
2025-08-29 09:00:18 ERROR root Invalid Parameter in Label: Invalid ID=2313
2025-08-29 09:00:18 ERROR root Invalid Parameter in Label: Invalid ID=2314
2025-08-29 09:00:18 ERROR root Invalid Parameter in Label: Invalid ID=2315
2025-08-29 09:00:18 ERROR root Invalid Parameter in Label: Invalid ID=2316
2025-08-29 09:00:18 ERROR root Invalid Parameter in Label: Invalid ID=2317
2025-08-29 09:00:18 ERROR root Invalid Parameter in Label: Invalid ID=2318
2025-08-29 09:00:18 ERROR root Invalid Parameter in Label: Invalid ID=2319
2025-08-29 09:00:19 ERROR root Invalid Parameter in Label: Invalid ID=8603
2025-08-29 09:00:19 ERROR root Invalid Parameter in Label: Invalid ID=8604
2025-08-29 09:00:19 ERROR root Invalid Parameter in Label: Invalid ID=8605
2025-08-29 09:00:19 ERROR root Invalid Parameter in Label: Invalid ID=8606
2025-08-29 09:00:20 ERROR root Invalid Parameter in Label: Invalid ID=200
2025-08-29 09:00:21 ERROR root Invalid Parameter in Label: Invalid ID=238
2025-08-29 09:00:21 ERROR root Invalid Parameter in Label: Invalid ID=239
2025-08-29 09:00:21 ERROR root Invalid Parameter in Label: Invalid ID=362
2025-08-29 09:00:21 ERROR root Invalid Parameter in Label: Invalid ID=370
2025-08-29 09:00:21 ERROR root Invalid Parameter in Label: Invalid ID=371
2025-08-29 09:00:21 ERROR root Invalid Parameter in Label: Invalid ID=373
2025-08-29 09:00:22 ERROR root Invalid Parameter in Label: Invalid ID=381
2025-08-29 09:00:22 ERROR root Invalid Parameter in Label: Invalid ID=382
2025-08-29 09:00:22 ERROR root Invalid Parameter in Label: Invalid ID=384
2025-08-29 09:00:22 ERROR root Invalid Parameter in Label: Invalid ID=387
2025-08-29 09:00:22 ERROR root Invalid Parameter in Label: Invalid ID=388
2025-08-29 09:00:23 ERROR root Invalid Parameter in Label: Invalid ID=393
2025-08-29 09:00:23 ERROR root Invalid Parameter in Label: Invalid ID=394
2025-08-29 09:00:26 ERROR root Invalid Parameter in Label: Invalid ID=41445
2025-08-29 09:00:26 ERROR root Invalid Parameter in Label: Invalid ID=41446
2025-08-29 09:00:27 ERROR root Invalid Parameter in Label: Invalid ID=41447
2025-08-29 09:00:27 ERROR root Invalid Parameter in Label: Invalid ID=41448
2025-08-29 09:00:27 ERROR root Invalid Parameter in Label: Invalid ID=41449
2025-08-29 09:00:27 ERROR root Invalid Parameter in Label: Invalid ID=41450
2025-08-29 09:00:27 ERROR root Invalid Parameter in Label: Invalid ID=451
2025-08-29 09:00:27 ERROR root Invalid Parameter in Label: Invalid ID=452
2025-08-29 09:00:27 ERROR root Invalid Parameter in Label: Invalid ID=453
2025-08-29 09:00:27 ERROR root Invalid Parameter in Label: Invalid ID=454
2025-08-29 09:00:27 ERROR root Invalid Parameter in Label: Invalid ID=455
2025-08-29 09:00:28 ERROR root Invalid Parameter in Label: Invalid ID=456
2025-08-29 09:00:28 ERROR root Invalid Parameter in Label: Invalid ID=457
2025-08-29 09:00:28 ERROR root Invalid Parameter in Label: Invalid ID=458
2025-08-29 09:00:28 ERROR root Invalid Parameter in Label: Invalid ID=459
2025-08-29 09:00:28 ERROR root Invalid Parameter in Label: Invalid ID=460
2025-08-29 09:00:28 ERROR root Invalid Parameter in Label: Invalid ID=41451
2025-08-29 09:00:28 ERROR root Invalid Parameter in Label: Invalid ID=41452
2025-08-29 09:00:28 ERROR root Invalid Parameter in Label: Invalid ID=41453
2025-08-29 09:00:28 ERROR root Invalid Parameter in Label: Invalid ID=41454
2025-08-29 09:00:29 ERROR root Invalid Parameter in Label: Invalid ID=41455
2025-08-29 09:00:29 ERROR root Invalid Parameter in Label: Invalid ID=41456
2025-08-29 09:00:29 ERROR root Invalid Parameter in Label: Invalid ID=41457
2025-08-29 09:00:29 ERROR root Invalid Parameter in Label: Invalid ID=41458
2025-08-29 09:00:29 ERROR root Invalid Parameter in Label: Invalid ID=41459
2025-08-29 09:00:29 ERROR root Invalid Parameter in Label: Invalid ID=41460
2025-08-29 09:00:30 ERROR root Invalid Parameter in Label: Invalid ID=706
2025-08-29 09:00:30 ERROR root Invalid Parameter in Label: Invalid ID=707
2025-08-29 09:00:30 ERROR root Invalid Parameter in Label: Invalid ID=708
2025-08-29 09:00:30 ERROR root Invalid Parameter in Label: Invalid ID=709
2025-08-29 09:00:31 ERROR root Invalid Parameter in Label: Invalid ID=710
2025-08-29 09:00:31 ERROR root Invalid Parameter in Label: Invalid ID=901
2025-08-29 09:00:31 ERROR root Invalid Parameter in Label: Invalid ID=676
2025-08-29 09:00:35 ERROR root Invalid Parameter in Label: Invalid ID=4738
2025-08-29 09:00:35 ERROR root Invalid Parameter in Label: Invalid ID=4739
2025-08-29 09:00:35 ERROR root Invalid Parameter in Label: Invalid ID=4740
2025-08-29 09:00:35 ERROR root Invalid Parameter in Label: Invalid ID=4741
2025-08-29 09:00:35 ERROR root Invalid Parameter in Label: Invalid ID=4742
2025-08-29 09:00:35 ERROR root Invalid Parameter in Label: Invalid ID=4743
2025-08-29 09:00:36 ERROR root Invalid Parameter in Label: Invalid ID=4744
2025-08-29 09:00:36 ERROR root Invalid Parameter in Label: Invalid ID=4745
2025-08-29 09:00:36 ERROR root Invalid Parameter in Label: Invalid ID=4746
2025-08-29 09:00:36 ERROR root Invalid Parameter in Label: Invalid ID=4747
2025-08-29 09:00:36 ERROR root Invalid Parameter in Label: Invalid ID=4748
2025-08-29 09:00:36 ERROR root Invalid Parameter in Label: Invalid ID=14741
2025-08-29 09:00:36 ERROR root Invalid Parameter in Label: Invalid ID=14742
2025-08-29 09:00:36 ERROR root Invalid Parameter in Label: Invalid ID=14743
2025-08-29 09:00:36 ERROR root Invalid Parameter in Label: Invalid ID=14744
2025-08-29 09:00:37 ERROR root Invalid Parameter in Label: Invalid ID=14745
2025-08-29 09:00:37 ERROR root Invalid Parameter in Label: Invalid ID=14746
2025-08-29 09:00:37 ERROR root Invalid Parameter in Label: Invalid ID=14747
2025-08-29 09:00:37 ERROR root Invalid Parameter in Label: Invalid ID=14748
2025-08-29 09:00:37 ERROR root Invalid Parameter in Label: Invalid ID=14749
2025-08-29 09:00:37 ERROR root Invalid Parameter in Label: Invalid ID=14750
2025-08-29 09:00:37 ERROR root Invalid Parameter in Label: Invalid ID=14751
2025-08-29 09:00:37 ERROR root Invalid Parameter in Label: Invalid ID=14752
2025-08-29 09:00:37 ERROR root Invalid Parameter in Label: Invalid ID=14753
2025-08-29 09:00:38 ERROR root Invalid Parameter in Label: Invalid ID=14754
2025-08-29 09:00:38 ERROR root Invalid Parameter in Label: Invalid ID=14755
2025-08-29 09:00:38 ERROR root Invalid Parameter in Label: Invalid ID=14756
2025-08-29 09:00:38 ERROR root Invalid Parameter in Label: Invalid ID=14757
2025-08-29 09:00:38 ERROR root Invalid Parameter in Label: Invalid ID=14758
2025-08-29 09:00:38 ERROR root Invalid Parameter in Label: Invalid ID=14759
2025-08-29 09:00:38 ERROR root Invalid Parameter in Label: Invalid ID=14760
2025-08-29 09:00:38 ERROR root Invalid Parameter in Label: Invalid ID=14761
2025-08-29 09:00:38 ERROR root Invalid Parameter in Label: Invalid ID=14762
2025-08-29 09:00:38 ERROR root Invalid Parameter in Label: Invalid ID=14763
2025-08-29 09:00:39 ERROR root Invalid Parameter in Label: Invalid ID=14764
2025-08-29 09:00:39 ERROR root Invalid Parameter in Label: Invalid ID=14765
2025-08-29 09:00:39 ERROR root Invalid Parameter in Label: Invalid ID=14766
2025-08-29 09:00:39 ERROR root Invalid Parameter in Label: Invalid ID=14767
2025-08-29 09:00:39 ERROR root Invalid Parameter in Label: Invalid ID=14768
2025-08-29 09:00:41 ERROR root Debug Server restarted:Listening
