2025-08-29 12:30:55 INFO root Start primary API version 1.8.21
2025-08-29 12:30:56 INFO root loading script: main
2025-08-29 12:30:57 INFO root successfully loaded script: main
2025-08-29 12:31:15 ERROR root Receive failed, from client
2025-08-29 12:31:24 WARNING root Bezel button info not found for: device 4-0
2025-08-29 12:31:40 WARNING root Bezel button info not found for: device 5-0
2025-08-29 12:31:47 ERROR root Debug Server restarted:Listening
2025-08-29 12:32:17 ERROR root Debug Server restarted:Listening
2025-08-29 12:32:47 ERROR root Debug Server restarted:Listening
2025-08-29 12:32:47 ERROR root SerialInterface SPD0:COM1 Unavailable Port: COM1
2025-08-29 12:32:47 ERROR root SerialInterface SPD0:COM1Device 3-0 (None)  Unavailable Port: COM1 , connections status Offline
2025-08-29 12:32:57 ERROR root Device 2-0 (None)  SPInterface Operable Unavailable port :AVI1 , connections status: Offline
2025-08-29 12:32:57 ERROR root Device 1-0 (IPCP-Pro-255Q-xi-24-84-7D)  Unavailable Port: IRS2 , connections status Online
2025-08-29 12:33:17 ERROR root Debug Server restarted:Listening
2025-08-29 12:33:44 ERROR root SerialInterface SPD0:COM1Device 3-0 (None) Send:  Port COM1 not open
2025-08-29 12:33:47 ERROR root Debug Server restarted:Listening
2025-08-29 12:34:17 ERROR root Debug Server restarted:Listening
2025-08-29 12:34:47 ERROR root Debug Server restarted:Listening
2025-08-29 12:35:17 ERROR root Debug Server restarted:Listening
2025-08-29 12:35:47 ERROR root Debug Server restarted:Listening
2025-08-29 12:36:17 ERROR root Debug Server restarted:Listening
2025-08-29 12:36:47 ERROR root Debug Server restarted:Listening
2025-08-29 12:37:17 ERROR root Debug Server restarted:Listening
