2025-09-02 09:17:37 INFO root Start primary API version 1.8.21
2025-09-02 09:17:37 INFO root loading script: main
2025-09-02 09:17:38 INFO root successfully loaded script: main
2025-09-02 09:18:20 INFO root Device 2-0 VTLP sync handling began
2025-09-02 09:18:20 INFO root Device 2-0 VTLP sync handling ended
2025-09-02 09:18:31 INFO root Device 2-0 VTLP sync handling began
2025-09-02 09:18:31 INFO root Device 2-0 VTLP sync handling ended
2025-09-02 09:18:35 INFO root Device 2-0 VTLP sync handling began
2025-09-02 09:18:35 INFO root Device 2-0 VTLP sync handling ended
2025-09-02 09:18:41 ERROR root Debug Server restarted:Listening
2025-09-02 09:18:46 INFO root Device 2-0 VTLP sync handling began
2025-09-02 09:18:46 INFO root Device 2-0 VTLP sync handling ended
2025-09-02 09:18:50 INFO root Device 2-0 VTLP sync handling began
2025-09-02 09:18:50 INFO root Device 2-0 VTLP sync handling ended
2025-09-02 09:19:01 INFO root Device 2-0 VTLP sync handling began
2025-09-02 09:19:01 INFO root Device 2-0 VTLP sync handling ended
2025-09-02 09:19:05 INFO root Device 2-0 VTLP sync handling began
2025-09-02 09:19:05 INFO root Device 2-0 VTLP sync handling ended
2025-09-02 09:19:11 ERROR root Debug Server restarted:Listening
2025-09-02 09:19:16 INFO root Device 2-0 VTLP sync handling began
2025-09-02 09:19:16 INFO root Device 2-0 VTLP sync handling ended
2025-09-02 09:19:20 INFO root Device 2-0 VTLP sync handling began
2025-09-02 09:19:20 INFO root Device 2-0 VTLP sync handling ended
2025-09-02 09:19:31 INFO root Device 2-0 VTLP sync handling began
2025-09-02 09:19:31 INFO root Device 2-0 VTLP sync handling ended
2025-09-02 09:19:35 INFO root Device 2-0 VTLP sync handling began
2025-09-02 09:19:35 INFO root Device 2-0 VTLP sync handling ended
2025-09-02 09:19:41 ERROR root Debug Server restarted:Listening
2025-09-02 09:19:46 INFO root Device 2-0 VTLP sync handling began
2025-09-02 09:19:46 INFO root Device 2-0 VTLP sync handling ended
2025-09-02 09:19:50 INFO root Device 2-0 VTLP sync handling began
2025-09-02 09:19:50 INFO root Device 2-0 VTLP sync handling ended
2025-09-02 09:20:01 INFO root Device 2-0 VTLP sync handling began
2025-09-02 09:20:01 INFO root Device 2-0 VTLP sync handling ended
2025-09-02 09:20:05 INFO root Device 2-0 VTLP sync handling began
2025-09-02 09:20:05 INFO root Device 2-0 VTLP sync handling ended
2025-09-02 09:20:11 ERROR root Debug Server restarted:Listening
2025-09-02 09:20:16 INFO root Device 2-0 VTLP sync handling began
2025-09-02 09:20:16 INFO root Device 2-0 VTLP sync handling ended
2025-09-02 09:20:20 INFO root Device 2-0 VTLP sync handling began
2025-09-02 09:20:20 INFO root Device 2-0 VTLP sync handling ended
2025-09-02 09:20:31 INFO root Device 2-0 VTLP sync handling began
2025-09-02 09:20:31 INFO root Device 2-0 VTLP sync handling ended
2025-09-02 09:20:35 INFO root Device 2-0 VTLP sync handling began
2025-09-02 09:20:35 INFO root Device 2-0 VTLP sync handling ended
2025-09-02 09:20:41 ERROR root Debug Server restarted:Listening
2025-09-02 09:20:46 INFO root Device 2-0 VTLP sync handling began
2025-09-02 09:20:46 INFO root Device 2-0 VTLP sync handling ended
2025-09-02 09:20:50 INFO root Device 2-0 VTLP sync handling began
2025-09-02 09:20:50 INFO root Device 2-0 VTLP sync handling ended
2025-09-02 09:21:01 INFO root Device 2-0 VTLP sync handling began
2025-09-02 09:21:01 INFO root Device 2-0 VTLP sync handling ended
2025-09-02 09:21:05 INFO root Device 2-0 VTLP sync handling began
2025-09-02 09:21:05 INFO root Device 2-0 VTLP sync handling ended
2025-09-02 09:21:11 ERROR root Debug Server restarted:Listening
2025-09-02 09:21:16 INFO root Device 2-0 VTLP sync handling began
2025-09-02 09:21:16 INFO root Device 2-0 VTLP sync handling ended
2025-09-02 09:21:19 ERROR root Receive failed, from client
2025-09-02 09:21:19 ERROR root Invalid Parameter BonusRoom0 ShowPopup: popup=Control Server is Offline
2025-09-02 09:21:19 ERROR root Invalid Parameter BonusRoom1 ShowPopup: popup=Control Server is Offline
2025-09-02 09:21:19 ERROR root Invalid Parameter BonusRoom0 ShowPopup: popup=Control Server is Offline
2025-09-02 09:21:19 ERROR root Invalid Parameter BonusRoom1 ShowPopup: popup=Control Server is Offline
2025-09-02 09:21:20 INFO root Device 2-0 VTLP sync handling began
2025-09-02 09:21:20 INFO root Device 2-0 VTLP sync handling ended
2025-09-02 09:21:27 ERROR root Invalid Parameter BonusRoom0 HidePopup: popup=Control Server is Offline
2025-09-02 09:21:27 ERROR root Invalid Parameter BonusRoom1 HidePopup: popup=Control Server is Offline
2025-09-02 09:21:31 INFO root Device 2-0 VTLP sync handling began
2025-09-02 09:21:31 INFO root Device 2-0 VTLP sync handling ended
2025-09-02 09:21:35 INFO root Device 2-0 VTLP sync handling began
2025-09-02 09:21:35 INFO root Device 2-0 VTLP sync handling ended
2025-09-02 09:21:46 INFO root Device 2-0 VTLP sync handling began
2025-09-02 09:21:46 INFO root Device 2-0 VTLP sync handling ended
2025-09-02 09:21:50 INFO root Device 2-0 VTLP sync handling began
2025-09-02 09:21:50 INFO root Device 2-0 VTLP sync handling ended
2025-09-02 09:21:57 ERROR root Receive failed, from client
2025-09-02 09:21:57 ERROR root Invalid Parameter BonusRoom0 ShowPopup: popup=Control Server is Offline
2025-09-02 09:21:57 ERROR root Invalid Parameter BonusRoom1 ShowPopup: popup=Control Server is Offline
2025-09-02 09:21:57 ERROR root Invalid Parameter BonusRoom0 ShowPopup: popup=Control Server is Offline
2025-09-02 09:21:57 ERROR root Invalid Parameter BonusRoom1 ShowPopup: popup=Control Server is Offline
2025-09-02 09:21:58 ERROR root Invalid Parameter BonusRoom0 HidePopup: popup=Control Server is Offline
2025-09-02 09:21:58 ERROR root Invalid Parameter BonusRoom1 HidePopup: popup=Control Server is Offline
2025-09-02 09:22:01 INFO root Device 2-0 VTLP sync handling began
2025-09-02 09:22:01 INFO root Device 2-0 VTLP sync handling ended
2025-09-02 09:22:05 INFO root Device 2-0 VTLP sync handling began
2025-09-02 09:22:05 INFO root Device 2-0 VTLP sync handling ended
2025-09-02 09:22:16 INFO root Device 2-0 VTLP sync handling began
2025-09-02 09:22:16 INFO root Device 2-0 VTLP sync handling ended
2025-09-02 09:22:20 INFO root Device 2-0 VTLP sync handling began
2025-09-02 09:22:20 INFO root Device 2-0 VTLP sync handling ended
2025-09-02 09:22:28 ERROR root Debug Server restarted:Listening
2025-09-02 09:22:31 INFO root Device 2-0 VTLP sync handling began
2025-09-02 09:22:31 INFO root Device 2-0 VTLP sync handling ended
2025-09-02 09:22:33 ERROR root Receive failed, from client
2025-09-02 09:22:33 ERROR root Invalid Parameter BonusRoom0 ShowPopup: popup=Control Server is Offline
2025-09-02 09:22:33 ERROR root Invalid Parameter BonusRoom1 ShowPopup: popup=Control Server is Offline
2025-09-02 09:22:33 ERROR root Invalid Parameter BonusRoom0 ShowPopup: popup=Control Server is Offline
2025-09-02 09:22:33 ERROR root Invalid Parameter BonusRoom1 ShowPopup: popup=Control Server is Offline
2025-09-02 09:22:33 ERROR root Debug Server restarted:Listening
2025-09-02 09:22:35 INFO root Device 2-0 VTLP sync handling began
2025-09-02 09:22:35 INFO root Device 2-0 VTLP sync handling ended
2025-09-02 09:22:39 ERROR root Invalid Parameter BonusRoom0 HidePopup: popup=Control Server is Offline
2025-09-02 09:22:39 ERROR root Invalid Parameter BonusRoom1 HidePopup: popup=Control Server is Offline
2025-09-02 09:22:46 INFO root Device 2-0 VTLP sync handling began
2025-09-02 09:22:46 INFO root Device 2-0 VTLP sync handling ended
2025-09-02 09:22:50 INFO root Device 2-0 VTLP sync handling began
2025-09-02 09:22:50 INFO root Device 2-0 VTLP sync handling ended
2025-09-02 09:23:01 INFO root Device 2-0 VTLP sync handling began
2025-09-02 09:23:01 INFO root Device 2-0 VTLP sync handling ended
2025-09-02 09:23:05 INFO root Device 2-0 VTLP sync handling began
2025-09-02 09:23:05 INFO root Device 2-0 VTLP sync handling ended
2025-09-02 09:23:09 ERROR root Debug Server restarted:Listening
2025-09-02 09:23:16 INFO root Device 2-0 VTLP sync handling began
2025-09-02 09:23:16 INFO root Device 2-0 VTLP sync handling ended
2025-09-02 09:23:20 INFO root Device 2-0 VTLP sync handling began
2025-09-02 09:23:20 INFO root Device 2-0 VTLP sync handling ended
2025-09-02 09:23:31 INFO root Device 2-0 VTLP sync handling began
2025-09-02 09:23:31 INFO root Device 2-0 VTLP sync handling ended
2025-09-02 09:23:35 INFO root Device 2-0 VTLP sync handling began
2025-09-02 09:23:35 INFO root Device 2-0 VTLP sync handling ended
2025-09-02 09:23:39 ERROR root Debug Server restarted:Listening
2025-09-02 09:23:46 INFO root Device 2-0 VTLP sync handling began
2025-09-02 09:23:46 INFO root Device 2-0 VTLP sync handling ended
2025-09-02 09:23:50 INFO root Device 2-0 VTLP sync handling began
2025-09-02 09:23:50 INFO root Device 2-0 VTLP sync handling ended
2025-09-02 09:24:01 INFO root Device 2-0 VTLP sync handling began
2025-09-02 09:24:01 INFO root Device 2-0 VTLP sync handling ended
2025-09-02 09:24:05 INFO root Device 2-0 VTLP sync handling began
2025-09-02 09:24:05 INFO root Device 2-0 VTLP sync handling ended
2025-09-02 09:24:09 ERROR root Debug Server restarted:Listening
2025-09-02 09:24:16 INFO root Device 2-0 VTLP sync handling began
2025-09-02 09:24:16 INFO root Device 2-0 VTLP sync handling ended
2025-09-02 09:24:20 INFO root Device 2-0 VTLP sync handling began
2025-09-02 09:24:20 INFO root Device 2-0 VTLP sync handling ended
2025-09-02 09:24:31 INFO root Device 2-0 VTLP sync handling began
2025-09-02 09:24:31 INFO root Device 2-0 VTLP sync handling ended
2025-09-02 09:24:35 INFO root Device 2-0 VTLP sync handling began
2025-09-02 09:24:35 INFO root Device 2-0 VTLP sync handling ended
2025-09-02 09:24:39 ERROR root Debug Server restarted:Listening
2025-09-02 09:24:46 INFO root Device 2-0 VTLP sync handling began
2025-09-02 09:24:46 INFO root Device 2-0 VTLP sync handling ended
2025-09-02 09:24:50 INFO root Device 2-0 VTLP sync handling began
2025-09-02 09:24:50 INFO root Device 2-0 VTLP sync handling ended
2025-09-02 09:25:01 INFO root Device 2-0 VTLP sync handling began
2025-09-02 09:25:01 INFO root Device 2-0 VTLP sync handling ended
2025-09-02 09:25:05 INFO root Device 2-0 VTLP sync handling began
2025-09-02 09:25:05 INFO root Device 2-0 VTLP sync handling ended
2025-09-02 09:25:09 ERROR root Debug Server restarted:Listening
2025-09-02 09:25:16 INFO root Device 2-0 VTLP sync handling began
2025-09-02 09:25:16 INFO root Device 2-0 VTLP sync handling ended
2025-09-02 09:25:20 INFO root Device 2-0 VTLP sync handling began
2025-09-02 09:25:20 INFO root Device 2-0 VTLP sync handling ended
2025-09-02 09:25:31 INFO root Device 2-0 VTLP sync handling began
2025-09-02 09:25:31 INFO root Device 2-0 VTLP sync handling ended
2025-09-02 09:25:35 INFO root Device 2-0 VTLP sync handling began
2025-09-02 09:25:35 INFO root Device 2-0 VTLP sync handling ended
2025-09-02 09:25:39 ERROR root Debug Server restarted:Listening
