2025-08-28 09:15:52 INFO root Start primary API version 1.8.21
2025-08-28 09:15:52 INFO root loading script: main
2025-08-28 09:15:54 INFO root successfully loaded script: main
2025-08-28 13:26:31 ERROR root Receive failed, from client
2025-08-28 13:26:31 ERROR root Invalid Parameter panel0 ShowPopup: popup=Control Server is Offline
2025-08-28 13:26:31 ERROR root Invalid Parameter panel1 ShowPopup: popup=Control Server is Offline
2025-08-28 13:26:31 ERROR root Invalid Parameter panel0 ShowPopup: popup=Control Server is Offline
2025-08-28 13:26:31 ERROR root Invalid Parameter panel1 ShowPopup: popup=Control Server is Offline
2025-08-28 13:26:32 ERROR root Invalid Parameter panel0 HidePopup: popup=Control Server is Offline
2025-08-28 13:26:32 ERROR root Invalid Parameter panel1 HidePopup: popup=Control Server is Offline
2025-08-28 13:26:47 ERROR root Receive failed, from client
2025-08-28 13:26:47 ERROR root Invalid Parameter panel0 ShowPopup: popup=Control Server is Offline
2025-08-28 13:26:47 ERROR root Invalid Parameter panel1 ShowPopup: popup=Control Server is Offline
2025-08-28 13:26:47 ERROR root Invalid Parameter panel0 ShowPopup: popup=Control Server is Offline
2025-08-28 13:26:47 ERROR root Invalid Parameter panel1 ShowPopup: popup=Control Server is Offline
2025-08-28 13:37:10 ERROR root Invalid Parameter panel0 HidePopup: popup=Control Server is Offline
2025-08-28 13:37:10 ERROR root Invalid Parameter panel1 HidePopup: popup=Control Server is Offline
2025-08-28 13:38:58 ERROR root Receive failed, from client
2025-08-28 13:38:58 ERROR root Invalid Parameter panel0 ShowPopup: popup=Control Server is Offline
2025-08-28 13:38:58 ERROR root Invalid Parameter panel1 ShowPopup: popup=Control Server is Offline
2025-08-28 13:38:58 ERROR root Invalid Parameter panel0 ShowPopup: popup=Control Server is Offline
2025-08-28 13:38:58 ERROR root Invalid Parameter panel1 ShowPopup: popup=Control Server is Offline
2025-08-28 13:38:59 ERROR root Invalid Parameter panel0 HidePopup: popup=Control Server is Offline
2025-08-28 13:38:59 ERROR root Invalid Parameter panel1 HidePopup: popup=Control Server is Offline
2025-08-28 13:39:30 ERROR root Debug Server restarted:Listening
2025-08-28 13:40:00 ERROR root Debug Server restarted:Listening
2025-08-28 13:40:30 ERROR root Debug Server restarted:Listening
2025-08-28 13:41:00 ERROR root Debug Server restarted:Listening
2025-08-28 13:41:28 ERROR root Receive failed, from client
2025-08-28 13:41:28 ERROR root Invalid Parameter panel0 ShowPopup: popup=Control Server is Offline
2025-08-28 13:41:28 ERROR root Invalid Parameter panel1 ShowPopup: popup=Control Server is Offline
2025-08-28 13:41:28 ERROR root Invalid Parameter panel0 ShowPopup: popup=Control Server is Offline
2025-08-28 13:41:28 ERROR root Invalid Parameter panel1 ShowPopup: popup=Control Server is Offline
2025-08-28 13:41:37 ERROR root Invalid Parameter panel0 HidePopup: popup=Control Server is Offline
2025-08-28 13:41:37 ERROR root Invalid Parameter panel1 HidePopup: popup=Control Server is Offline
2025-08-28 13:42:08 ERROR root Debug Server restarted:Listening
2025-08-28 13:42:49 ERROR root Debug Server restarted:Listening
2025-08-28 13:43:52 ERROR root Debug Server restarted:Listening
2025-08-28 13:44:44 ERROR root Receive failed, from client
2025-08-28 13:44:44 ERROR root Invalid Parameter panel0 ShowPopup: popup=Control Server is Offline
2025-08-28 13:44:44 ERROR root Invalid Parameter panel1 ShowPopup: popup=Control Server is Offline
2025-08-28 13:44:44 ERROR root Invalid Parameter panel0 ShowPopup: popup=Control Server is Offline
2025-08-28 13:44:44 ERROR root Invalid Parameter panel1 ShowPopup: popup=Control Server is Offline
2025-08-28 13:45:31 ERROR root Invalid Parameter panel0 HidePopup: popup=Control Server is Offline
2025-08-28 13:45:31 ERROR root Invalid Parameter panel1 HidePopup: popup=Control Server is Offline
2025-08-28 13:46:01 ERROR root Debug Server restarted:Listening
2025-08-28 13:46:31 ERROR root Debug Server restarted:Listening
2025-08-28 13:46:37 ERROR root Receive failed, from client
2025-08-28 13:46:37 ERROR root Invalid Parameter panel0 ShowPopup: popup=Control Server is Offline
2025-08-28 13:46:37 ERROR root Invalid Parameter panel1 ShowPopup: popup=Control Server is Offline
2025-08-28 13:46:37 ERROR root Invalid Parameter panel0 ShowPopup: popup=Control Server is Offline
2025-08-28 13:46:37 ERROR root Invalid Parameter panel1 ShowPopup: popup=Control Server is Offline
2025-08-28 13:46:38 ERROR root Invalid Parameter panel0 HidePopup: popup=Control Server is Offline
2025-08-28 13:46:38 ERROR root Invalid Parameter panel1 HidePopup: popup=Control Server is Offline
2025-08-28 13:47:08 ERROR root Debug Server restarted:Listening
2025-08-28 13:49:05 ERROR root Receive failed, from client
2025-08-28 13:49:05 ERROR root Invalid Parameter panel0 ShowPopup: popup=Control Server is Offline
2025-08-28 13:49:05 ERROR root Invalid Parameter panel1 ShowPopup: popup=Control Server is Offline
2025-08-28 13:49:05 ERROR root Invalid Parameter panel0 ShowPopup: popup=Control Server is Offline
2025-08-28 13:49:05 ERROR root Invalid Parameter panel1 ShowPopup: popup=Control Server is Offline
2025-08-28 13:52:38 ERROR root Invalid Parameter panel0 HidePopup: popup=Control Server is Offline
2025-08-28 13:52:38 ERROR root Invalid Parameter panel1 HidePopup: popup=Control Server is Offline
2025-08-28 13:53:09 ERROR root Debug Server restarted:Listening
2025-08-28 13:54:13 ERROR root Receive failed, from client
2025-08-28 13:54:13 ERROR root Invalid Parameter panel0 ShowPopup: popup=Control Server is Offline
2025-08-28 13:54:13 ERROR root Invalid Parameter panel1 ShowPopup: popup=Control Server is Offline
2025-08-28 13:54:13 ERROR root Invalid Parameter panel0 ShowPopup: popup=Control Server is Offline
2025-08-28 13:54:13 ERROR root Invalid Parameter panel1 ShowPopup: popup=Control Server is Offline
2025-08-28 13:54:13 ERROR root Invalid Parameter panel0 HidePopup: popup=Control Server is Offline
2025-08-28 13:54:13 ERROR root Invalid Parameter panel1 HidePopup: popup=Control Server is Offline
2025-08-28 13:54:32 ERROR root Receive failed, from client
2025-08-28 13:54:32 ERROR root Invalid Parameter panel0 ShowPopup: popup=Control Server is Offline
2025-08-28 13:54:32 ERROR root Invalid Parameter panel1 ShowPopup: popup=Control Server is Offline
2025-08-28 13:54:32 ERROR root Invalid Parameter panel0 ShowPopup: popup=Control Server is Offline
2025-08-28 13:54:32 ERROR root Invalid Parameter panel1 ShowPopup: popup=Control Server is Offline
2025-08-28 13:55:16 ERROR root Invalid Parameter panel0 HidePopup: popup=Control Server is Offline
2025-08-28 13:55:16 ERROR root Invalid Parameter panel1 HidePopup: popup=Control Server is Offline
2025-08-28 13:55:46 ERROR root Debug Server restarted:Listening
2025-08-28 13:56:09 ERROR root Receive failed, from client
2025-08-28 13:56:09 ERROR root Invalid Parameter panel0 ShowPopup: popup=Control Server is Offline
2025-08-28 13:56:09 ERROR root Invalid Parameter panel1 ShowPopup: popup=Control Server is Offline
2025-08-28 13:56:09 ERROR root Invalid Parameter panel0 ShowPopup: popup=Control Server is Offline
2025-08-28 13:56:09 ERROR root Invalid Parameter panel1 ShowPopup: popup=Control Server is Offline
2025-08-28 13:56:11 ERROR root Invalid Parameter panel0 HidePopup: popup=Control Server is Offline
2025-08-28 13:56:11 ERROR root Invalid Parameter panel1 HidePopup: popup=Control Server is Offline
2025-08-28 13:56:38 ERROR root Receive failed, from client
2025-08-28 13:56:38 ERROR root Invalid Parameter panel0 ShowPopup: popup=Control Server is Offline
2025-08-28 13:56:38 ERROR root Invalid Parameter panel1 ShowPopup: popup=Control Server is Offline
2025-08-28 13:56:38 ERROR root Invalid Parameter panel0 ShowPopup: popup=Control Server is Offline
2025-08-28 13:56:38 ERROR root Invalid Parameter panel1 ShowPopup: popup=Control Server is Offline
2025-08-28 13:56:39 ERROR root Invalid Parameter panel0 HidePopup: popup=Control Server is Offline
2025-08-28 13:56:39 ERROR root Invalid Parameter panel1 HidePopup: popup=Control Server is Offline
2025-08-28 13:57:05 ERROR root Receive failed, from client
2025-08-28 13:57:05 ERROR root Invalid Parameter panel0 ShowPopup: popup=Control Server is Offline
2025-08-28 13:57:05 ERROR root Invalid Parameter panel1 ShowPopup: popup=Control Server is Offline
2025-08-28 13:57:05 ERROR root Invalid Parameter panel0 ShowPopup: popup=Control Server is Offline
2025-08-28 13:57:05 ERROR root Invalid Parameter panel1 ShowPopup: popup=Control Server is Offline
2025-08-28 13:57:54 ERROR root Invalid Parameter panel0 HidePopup: popup=Control Server is Offline
2025-08-28 13:57:54 ERROR root Invalid Parameter panel1 HidePopup: popup=Control Server is Offline
2025-08-28 13:58:06 ERROR root Receive failed, from client
2025-08-28 13:58:06 ERROR root Invalid Parameter panel0 ShowPopup: popup=Control Server is Offline
2025-08-28 13:58:06 ERROR root Invalid Parameter panel1 ShowPopup: popup=Control Server is Offline
2025-08-28 13:58:06 ERROR root Invalid Parameter panel0 ShowPopup: popup=Control Server is Offline
2025-08-28 13:58:06 ERROR root Invalid Parameter panel1 ShowPopup: popup=Control Server is Offline
2025-08-28 13:58:09 ERROR root Invalid Parameter panel0 HidePopup: popup=Control Server is Offline
2025-08-28 13:58:09 ERROR root Invalid Parameter panel1 HidePopup: popup=Control Server is Offline
2025-08-28 13:58:30 ERROR root Receive failed, from client
2025-08-28 13:58:30 ERROR root Invalid Parameter panel0 ShowPopup: popup=Control Server is Offline
2025-08-28 13:58:30 ERROR root Invalid Parameter panel1 ShowPopup: popup=Control Server is Offline
2025-08-28 13:58:30 ERROR root Invalid Parameter panel0 ShowPopup: popup=Control Server is Offline
2025-08-28 13:58:30 ERROR root Invalid Parameter panel1 ShowPopup: popup=Control Server is Offline
2025-08-28 14:14:05 ERROR root Invalid Parameter panel0 HidePopup: popup=Control Server is Offline
2025-08-28 14:14:05 ERROR root Invalid Parameter panel1 HidePopup: popup=Control Server is Offline
2025-08-28 14:14:36 ERROR root Debug Server restarted:Listening
2025-08-28 14:15:06 ERROR root Debug Server restarted:Listening
2025-08-28 14:15:36 ERROR root Debug Server restarted:Listening
2025-08-28 14:16:06 ERROR root Debug Server restarted:Listening
2025-08-28 14:16:36 ERROR root Debug Server restarted:Listening
2025-08-28 14:17:06 ERROR root Debug Server restarted:Listening
2025-08-28 14:17:36 ERROR root Debug Server restarted:Listening
2025-08-28 14:18:06 ERROR root Debug Server restarted:Listening
2025-08-28 14:18:36 ERROR root Debug Server restarted:Listening
2025-08-28 14:19:06 ERROR root Debug Server restarted:Listening
2025-08-28 14:19:36 ERROR root Debug Server restarted:Listening
2025-08-28 14:20:06 ERROR root Debug Server restarted:Listening
2025-08-28 14:20:36 ERROR root Debug Server restarted:Listening
2025-08-28 14:21:06 ERROR root Debug Server restarted:Listening
2025-08-28 14:21:36 ERROR root Debug Server restarted:Listening
2025-08-28 14:22:06 ERROR root Debug Server restarted:Listening
2025-08-28 14:22:36 ERROR root Debug Server restarted:Listening
2025-08-28 14:23:06 ERROR root Debug Server restarted:Listening
2025-08-28 14:23:25 ERROR root Receive failed, from client
2025-08-28 14:23:25 ERROR root Invalid Parameter panel0 ShowPopup: popup=Control Server is Offline
2025-08-28 14:23:25 ERROR root Invalid Parameter panel1 ShowPopup: popup=Control Server is Offline
2025-08-28 14:23:25 ERROR root Invalid Parameter panel0 ShowPopup: popup=Control Server is Offline
2025-08-28 14:23:25 ERROR root Invalid Parameter panel1 ShowPopup: popup=Control Server is Offline
2025-08-28 14:33:27 ERROR root Primary Device 1-0 (IPCP-Pro-255Q-xi-24-84-7D)  connection changed as zcSeG10/zcSeG11
2025-08-28 14:36:01 ERROR root Invalid Parameter panel0 HidePopup: popup=Control Server is Offline
2025-08-28 14:36:01 ERROR root Invalid Parameter panel1 HidePopup: popup=Control Server is Offline
2025-08-28 14:59:25 ERROR root Invalid Parameter panel0 HidePopup: popup=Control Server is Offline
2025-08-28 14:59:25 ERROR root Invalid Parameter panel1 HidePopup: popup=Control Server is Offline
2025-08-28 15:00:21 ERROR root Receive failed, from client
2025-08-28 15:00:21 ERROR root Invalid Parameter panel0 ShowPopup: popup=Control Server is Offline
2025-08-28 15:00:21 ERROR root Invalid Parameter panel1 ShowPopup: popup=Control Server is Offline
2025-08-28 15:00:21 ERROR root Invalid Parameter panel0 ShowPopup: popup=Control Server is Offline
2025-08-28 15:00:21 ERROR root Invalid Parameter panel1 ShowPopup: popup=Control Server is Offline
2025-08-28 15:00:46 ERROR root Receive failed, from client
2025-08-28 15:00:46 ERROR root Invalid Parameter panel0 ShowPopup: popup=Control Server is Offline
2025-08-28 15:00:46 ERROR root Invalid Parameter panel1 ShowPopup: popup=Control Server is Offline
2025-08-28 15:00:46 ERROR root Invalid Parameter panel0 ShowPopup: popup=Control Server is Offline
2025-08-28 15:00:46 ERROR root Invalid Parameter panel1 ShowPopup: popup=Control Server is Offline
2025-08-28 15:00:53 ERROR root Invalid Parameter panel0 HidePopup: popup=Control Server is Offline
2025-08-28 15:00:53 ERROR root Invalid Parameter panel1 HidePopup: popup=Control Server is Offline
2025-08-28 15:01:36 ERROR root Receive failed, from client
2025-08-28 15:01:36 ERROR root Invalid Parameter panel0 ShowPopup: popup=Control Server is Offline
2025-08-28 15:01:36 ERROR root Invalid Parameter panel1 ShowPopup: popup=Control Server is Offline
2025-08-28 15:01:36 ERROR root Invalid Parameter panel0 ShowPopup: popup=Control Server is Offline
2025-08-28 15:01:36 ERROR root Invalid Parameter panel1 ShowPopup: popup=Control Server is Offline
2025-08-28 15:06:39 ERROR root Invalid Parameter panel0 HidePopup: popup=Control Server is Offline
2025-08-28 15:06:39 ERROR root Invalid Parameter panel1 HidePopup: popup=Control Server is Offline
2025-08-28 15:07:24 ERROR root Debug Server restarted:Listening
2025-08-28 15:07:24 ERROR root EXCEPTION:__InterfaceWrapper:NewStatus:ConnectionStatus,Disconnected,None:Annotator:Traceback (most recent call last):
  File "c:\Users\manyr\OneDrive\Desktop\serv\tools.py", line 1396, in __replacement_newstatus
    self.__subscriber.NewStatus(command,value,qualifier)
  File "c:\Users\manyr\OneDrive\Desktop\serv\tools.py", line 1773, in NewStatus
    callback(command, value, qualifier)
  File "c:\Users\manyr\OneDrive\Desktop\serv\plugin_extr_anno_300.py", line 40, in t
    self.dev.Disconnect()
  File "c:\Users\manyr\OneDrive\Desktop\serv\tools.py", line 1506, in Disconnect
    self.__interface.Disconnect()
  File "c:\Users\manyr\OneDrive\Desktop\serv\tools.py", line 1913, in Disconnect
    _EthernetClientInterface.Disconnect(self)
  File "c:\Users\manyr\OneDrive\Desktop\serv\extronlib\interface\EthernetClientInterface.py", line 634, in Disconnect
    self.__ECI.Disconnect()
  File "c:\Users\manyr\OneDrive\Desktop\serv\extronlib\interface\EthernetClientInterface.py", line 387, in Disconnect
    self.Disconnected(self._client,'Disconnected')
  File "c:\Users\manyr\OneDrive\Desktop\serv\extronlib\interface\EthernetClientInterface.py", line 604, in d
    self.Disconnected(interface,state)
  File "c:\Users\manyr\OneDrive\Desktop\serv\tools.py", line 1346, in connecthandler
    self.__print_to_trace('__InterfaceWrapper:{}:network device {} {}'.format(self.__friendly_name,interface.Hostname,state))
AttributeError: 'NoneType' object has no attribute 'Hostname'

