2025-08-29 09:42:35 INFO root Start primary API version 1.8.21
2025-08-29 09:42:35 INFO root loading script: main
2025-08-29 09:42:37 INFO root successfully loaded script: main
2025-08-29 09:42:53 WARNING root Bezel button info not found for: device 4-0
2025-08-29 09:43:09 WARNING root Bezel button info not found for: device 5-0
2025-08-29 09:43:16 ERROR root Debug Server restarted:Listening
2025-08-29 09:43:46 ERROR root Debug Server restarted:Listening
2025-08-29 09:44:16 ERROR root Debug Server restarted:Listening
2025-08-29 09:44:16 ERROR root SerialInterface SPD0:COM1 Unavailable Port: COM1
2025-08-29 09:44:16 ERROR root SerialInterface SPD0:COM1Device 3-0 (None)  Unavailable Port: COM1 , connections status Offline
2025-08-29 09:44:25 ERROR root Device 2-0 (None)  SPInterface Operable Unavailable port :AVI1 , connections status: Offline
2025-08-29 09:44:26 ERROR root Device 1-0 (IPCP-Pro-255Q-xi-24-84-7D)  Unavailable Port: IRS2 , connections status Online
2025-08-29 09:44:46 ERROR root Debug Server restarted:Listening
2025-08-29 09:45:13 ERROR root SerialInterface SPD0:COM1Device 3-0 (None) Send:  Port COM1 not open
2025-08-29 09:45:16 ERROR root Debug Server restarted:Listening
2025-08-29 09:45:46 ERROR root Debug Server restarted:Listening
2025-08-29 09:46:16 ERROR root Debug Server restarted:Listening
2025-08-29 09:46:46 ERROR root Debug Server restarted:Listening
2025-08-29 09:47:16 ERROR root Debug Server restarted:Listening
2025-08-29 09:47:46 ERROR root Debug Server restarted:Listening
2025-08-29 09:48:16 ERROR root Debug Server restarted:Listening
2025-08-29 09:48:46 ERROR root Debug Server restarted:Listening
